  vec2.cpp
C:\Users\TheRa\Desktop\Utcn\AN2\Sem2\ECG\lab2\ECG_LAB\ECG_LAB\vec4.h(16,5): error C2011: 'egc::vec4': 'class' type redefinition
C:\Users\TheRa\Desktop\Utcn\AN2\Sem2\ECG\lab2\vec4.h(15): message : see declaration of 'egc::vec4'
C:\Users\TheRa\Desktop\Utcn\AN2\Sem2\ECG\lab2\ECG_LAB\ECG_LAB\vec4.h(100,26): error C2084: function 'std::ostream &egc::operator <<(std::ostream &,const egc::vec4 &)' already has a body
C:\Users\TheRa\Desktop\Utcn\AN2\Sem2\ECG\lab2\vec4.h(100): message : see previous definition of '<<'
C:\Users\TheRa\Desktop\Utcn\AN2\Sem2\ECG\lab2\ECG_LAB\ECG_LAB\vec4.h(102,32): error C2027: use of undefined type 'egc::vec4'
C:\Users\TheRa\Desktop\Utcn\AN2\Sem2\ECG\lab2\vec4.h(15): message : see declaration of 'egc::vec4'
C:\Users\TheRa\Desktop\Utcn\AN2\Sem2\ECG\lab2\ECG_LAB\ECG_LAB\vec4.h(102,55): error C2027: use of undefined type 'egc::vec4'
C:\Users\TheRa\Desktop\Utcn\AN2\Sem2\ECG\lab2\vec4.h(15): message : see declaration of 'egc::vec4'
C:\Users\TheRa\Desktop\Utcn\AN2\Sem2\ECG\lab2\ECG_LAB\ECG_LAB\vec4.h(102,78): error C2027: use of undefined type 'egc::vec4'
C:\Users\TheRa\Desktop\Utcn\AN2\Sem2\ECG\lab2\vec4.h(15): message : see declaration of 'egc::vec4'
C:\Users\TheRa\Desktop\Utcn\AN2\Sem2\ECG\lab2\ECG_LAB\ECG_LAB\vec4.h(102,101): error C2027: use of undefined type 'egc::vec4'
C:\Users\TheRa\Desktop\Utcn\AN2\Sem2\ECG\lab2\vec4.h(15): message : see declaration of 'egc::vec4'
C:\Users\TheRa\Desktop\Utcn\AN2\Sem2\ECG\lab2\ECG_LAB\ECG_LAB\vec2.h(67,1): error C2027: use of undefined type 'egc::vec4'
C:\Users\TheRa\Desktop\Utcn\AN2\Sem2\ECG\lab2\vec4.h(15): message : see declaration of 'egc::vec4'
C:\Users\TheRa\Desktop\Utcn\AN2\Sem2\ECG\lab2\ECG_LAB\ECG_LAB\vec2.h(68,1): error C2027: use of undefined type 'egc::vec4'
C:\Users\TheRa\Desktop\Utcn\AN2\Sem2\ECG\lab2\vec4.h(15): message : see declaration of 'egc::vec4'
C:\Users\TheRa\Desktop\Utcn\AN2\Sem2\ECG\lab2\vec2.h(18,5): error C2011: 'egc::vec2': 'class' type redefinition
C:\Users\TheRa\Desktop\Utcn\AN2\Sem2\ECG\lab2\ECG_LAB\ECG_LAB\vec2.h(19): message : see declaration of 'egc::vec2'
C:\Users\TheRa\Desktop\Utcn\AN2\Sem2\ECG\lab2\vec2.h(96,26): error C2084: function 'std::ostream &egc::operator <<(std::ostream &,const egc::vec2 &)' already has a body
C:\Users\TheRa\Desktop\Utcn\AN2\Sem2\ECG\lab2\ECG_LAB\ECG_LAB\vec2.h(98): message : see previous definition of '<<'
C:\Users\TheRa\Desktop\Utcn\AN2\Sem2\ECG\lab2\vec2.h(98,32): error C2027: use of undefined type 'egc::vec2'
C:\Users\TheRa\Desktop\Utcn\AN2\Sem2\ECG\lab2\ECG_LAB\ECG_LAB\vec2.h(19): message : see declaration of 'egc::vec2'
C:\Users\TheRa\Desktop\Utcn\AN2\Sem2\ECG\lab2\vec2.h(98,55): error C2027: use of undefined type 'egc::vec2'
C:\Users\TheRa\Desktop\Utcn\AN2\Sem2\ECG\lab2\ECG_LAB\ECG_LAB\vec2.h(19): message : see declaration of 'egc::vec2'
C:\Users\TheRa\Desktop\Utcn\AN2\Sem2\ECG\lab2\ECG_LAB\ECG_LAB\vec2.cpp(8,14): error C2027: use of undefined type 'egc::vec2'
C:\Users\TheRa\Desktop\Utcn\AN2\Sem2\ECG\lab2\ECG_LAB\ECG_LAB\vec2.h(19): message : see declaration of 'egc::vec2'
C:\Users\TheRa\Desktop\Utcn\AN2\Sem2\ECG\lab2\ECG_LAB\ECG_LAB\vec2.cpp(9,3): error C2065: 'x': undeclared identifier
C:\Users\TheRa\Desktop\Utcn\AN2\Sem2\ECG\lab2\ECG_LAB\ECG_LAB\vec2.cpp(9,16): error C2027: use of undefined type 'egc::vec2'
C:\Users\TheRa\Desktop\Utcn\AN2\Sem2\ECG\lab2\ECG_LAB\ECG_LAB\vec2.h(19): message : see declaration of 'egc::vec2'
C:\Users\TheRa\Desktop\Utcn\AN2\Sem2\ECG\lab2\ECG_LAB\ECG_LAB\vec2.cpp(10,3): error C2065: 'y': undeclared identifier
C:\Users\TheRa\Desktop\Utcn\AN2\Sem2\ECG\lab2\ECG_LAB\ECG_LAB\vec2.cpp(10,16): error C2027: use of undefined type 'egc::vec2'
C:\Users\TheRa\Desktop\Utcn\AN2\Sem2\ECG\lab2\ECG_LAB\ECG_LAB\vec2.h(19): message : see declaration of 'egc::vec2'
C:\Users\TheRa\Desktop\Utcn\AN2\Sem2\ECG\lab2\ECG_LAB\ECG_LAB\vec2.cpp(12,12): error C2355: 'this': can only be referenced inside non-static member functions or non-static data member initializers
C:\Users\TheRa\Desktop\Utcn\AN2\Sem2\ECG\lab2\ECG_LAB\ECG_LAB\vec2.cpp(15,13): error C2027: use of undefined type 'egc::vec2'
C:\Users\TheRa\Desktop\Utcn\AN2\Sem2\ECG\lab2\ECG_LAB\ECG_LAB\vec2.h(19): message : see declaration of 'egc::vec2'
C:\Users\TheRa\Desktop\Utcn\AN2\Sem2\ECG\lab2\ECG_LAB\ECG_LAB\vec2.cpp(15,54): error C2270: '+': modifiers not allowed on nonmember functions
C:\Users\TheRa\Desktop\Utcn\AN2\Sem2\ECG\lab2\ECG_LAB\ECG_LAB\vec2.cpp(15,54): error C2027: use of undefined type 'egc::vec2'
C:\Users\TheRa\Desktop\Utcn\AN2\Sem2\ECG\lab2\ECG_LAB\ECG_LAB\vec2.h(19): message : see declaration of 'egc::vec2'
C:\Users\TheRa\Desktop\Utcn\AN2\Sem2\ECG\lab2\ECG_LAB\ECG_LAB\vec2.cpp(15,23): error C2027: use of undefined type 'egc::vec2'
C:\Users\TheRa\Desktop\Utcn\AN2\Sem2\ECG\lab2\ECG_LAB\ECG_LAB\vec2.h(19): message : see declaration of 'egc::vec2'
C:\Users\TheRa\Desktop\Utcn\AN2\Sem2\ECG\lab2\ECG_LAB\ECG_LAB\vec2.cpp(16,8): error C2079: 'result' uses undefined class 'egc::vec2'
C:\Users\TheRa\Desktop\Utcn\AN2\Sem2\ECG\lab2\ECG_LAB\ECG_LAB\vec2.cpp(18,14): error C2355: 'this': can only be referenced inside non-static member functions or non-static data member initializers
C:\Users\TheRa\Desktop\Utcn\AN2\Sem2\ECG\lab2\ECG_LAB\ECG_LAB\vec2.cpp(18,33): error C2027: use of undefined type 'egc::vec2'
C:\Users\TheRa\Desktop\Utcn\AN2\Sem2\ECG\lab2\ECG_LAB\ECG_LAB\vec2.h(19): message : see declaration of 'egc::vec2'
C:\Users\TheRa\Desktop\Utcn\AN2\Sem2\ECG\lab2\ECG_LAB\ECG_LAB\vec2.cpp(19,14): error C2065: 't': undeclared identifier
C:\Users\TheRa\Desktop\Utcn\AN2\Sem2\ECG\lab2\ECG_LAB\ECG_LAB\vec2.cpp(19,27): error C2027: use of undefined type 'egc::vec2'
C:\Users\TheRa\Desktop\Utcn\AN2\Sem2\ECG\lab2\ECG_LAB\ECG_LAB\vec2.h(19): message : see declaration of 'egc::vec2'
C:\Users\TheRa\Desktop\Utcn\AN2\Sem2\ECG\lab2\ECG_LAB\ECG_LAB\vec2.cpp(24,15): error C2027: use of undefined type 'egc::vec2'
C:\Users\TheRa\Desktop\Utcn\AN2\Sem2\ECG\lab2\ECG_LAB\ECG_LAB\vec2.h(19): message : see declaration of 'egc::vec2'
C:\Users\TheRa\Desktop\Utcn\AN2\Sem2\ECG\lab2\ECG_LAB\ECG_LAB\vec2.cpp(26,12): error C2355: 'this': can only be referenced inside non-static member functions or non-static data member initializers
