c:\users\raynor\downloads\vs\sdl_trianglerender\sdl_trianglerender\debug\vc140.pdb
c:\users\raynor\downloads\vs\sdl_trianglerender\sdl_trianglerender\debug\vc140.idb
c:\users\raynor\downloads\vs\sdl_trianglerender\sdl_trianglerender\debug\rasterization.obj
c:\users\raynor\downloads\vs\sdl_trianglerender\sdl_trianglerender\debug\sdl_trianglerender.obj
c:\users\raynor\downloads\vs\sdl_trianglerender\debug\sdl_trianglerender.ilk
c:\users\raynor\downloads\vs\sdl_trianglerender\debug\sdl_trianglerender.exe
c:\users\raynor\downloads\vs\sdl_trianglerender\debug\sdl_trianglerender.pdb
c:\users\raynor\downloads\sdl_trianglerender\sdl_trianglerender\debug\rasterization.obj
c:\users\raynor\downloads\sdl_trianglerender\sdl_trianglerender\debug\sdl_trianglerender.obj
c:\users\raynor\downloads\sdl_trianglerender\sdl_trianglerender\debug\vc140.idb
c:\users\raynor\downloads\sdl_trianglerender\sdl_trianglerender\debug\vc140.pdb
c:\users\raynor\downloads\sdl_trianglerender\debug\sdl_trianglerender.pdb
c:\users\raynor\downloads\sdl_trianglerender\debug\sdl_trianglerender.exe
c:\users\raynor\downloads\sdl_trianglerender\debug\sdl_trianglerender.ilk
c:\users\raynor\downloads\sdl_trianglerender\sdl_trianglerender\debug\sdl_tria.9f63dc1c.tlog\cl.command.1.tlog
c:\users\raynor\downloads\sdl_trianglerender\sdl_trianglerender\debug\sdl_tria.9f63dc1c.tlog\cl.read.1.tlog
c:\users\raynor\downloads\sdl_trianglerender\sdl_trianglerender\debug\sdl_tria.9f63dc1c.tlog\cl.write.1.tlog
c:\users\raynor\downloads\sdl_trianglerender\sdl_trianglerender\debug\sdl_tria.9f63dc1c.tlog\link.command.1.tlog
c:\users\raynor\downloads\sdl_trianglerender\sdl_trianglerender\debug\sdl_tria.9f63dc1c.tlog\link.read.1.tlog
c:\users\raynor\downloads\sdl_trianglerender\sdl_trianglerender\debug\sdl_tria.9f63dc1c.tlog\link.write.1.tlog
